ERROR - 2022-07-21 03:17:21 --> Error connecting to the database: No such file or directory
CRITICAL - 2022-07-21 03:17:21 --> Unable to connect to the database.
Main connection [MySQLi]: No such file or directory
in SYSTEMPATH/Database/BaseConnection.php on line 415.
 1 SYSTEMPATH/Database/BaseConnection.php(585): CodeIgniter\Database\BaseConnection->initialize()
 2 APPPATH/Views/home_page.php(27): CodeIgniter\Database\BaseConnection->query()
 3 SYSTEMPATH/View/View.php(213): include('APPPATH/Views/home_page.php')
 4 SYSTEMPATH/View/View.php(216): CodeIgniter\View\View->CodeIgniter\View\{closure}()
 5 SYSTEMPATH/Common.php(1135): CodeIgniter\View\View->render()
 6 APPPATH/Controllers/Home.php(15): view()
 7 SYSTEMPATH/CodeIgniter.php(898): App\Controllers\Home->index()
 8 SYSTEMPATH/CodeIgniter.php(468): CodeIgniter\CodeIgniter->runController()
 9 SYSTEMPATH/CodeIgniter.php(351): CodeIgniter\CodeIgniter->handleRequest()
10 FCPATH/index.php(55): CodeIgniter\CodeIgniter->run()
11 SYSTEMPATH/Commands/Server/rewrite.php(43): require_once('FCPATH/index.php')
ERROR - 2022-07-21 03:17:59 --> Error connecting to the database: No such file or directory
CRITICAL - 2022-07-21 03:17:59 --> Unable to connect to the database.
Main connection [MySQLi]: No such file or directory
in SYSTEMPATH/Database/BaseConnection.php on line 415.
 1 SYSTEMPATH/Database/BaseConnection.php(585): CodeIgniter\Database\BaseConnection->initialize()
 2 APPPATH/Views/home_page.php(27): CodeIgniter\Database\BaseConnection->query()
 3 SYSTEMPATH/View/View.php(213): include('APPPATH/Views/home_page.php')
 4 SYSTEMPATH/View/View.php(216): CodeIgniter\View\View->CodeIgniter\View\{closure}()
 5 SYSTEMPATH/Common.php(1135): CodeIgniter\View\View->render()
 6 APPPATH/Controllers/Home.php(15): view()
 7 SYSTEMPATH/CodeIgniter.php(898): App\Controllers\Home->index()
 8 SYSTEMPATH/CodeIgniter.php(468): CodeIgniter\CodeIgniter->runController()
 9 SYSTEMPATH/CodeIgniter.php(351): CodeIgniter\CodeIgniter->handleRequest()
10 FCPATH/index.php(55): CodeIgniter\CodeIgniter->run()
11 SYSTEMPATH/Commands/Server/rewrite.php(43): require_once('FCPATH/index.php')
ERROR - 2022-07-21 03:18:16 --> Error connecting to the database: No such file or directory
CRITICAL - 2022-07-21 03:18:16 --> Unable to connect to the database.
Main connection [MySQLi]: No such file or directory
in SYSTEMPATH/Database/BaseConnection.php on line 415.
 1 SYSTEMPATH/Database/BaseConnection.php(585): CodeIgniter\Database\BaseConnection->initialize()
 2 APPPATH/Views/home_page.php(27): CodeIgniter\Database\BaseConnection->query()
 3 SYSTEMPATH/View/View.php(213): include('APPPATH/Views/home_page.php')
 4 SYSTEMPATH/View/View.php(216): CodeIgniter\View\View->CodeIgniter\View\{closure}()
 5 SYSTEMPATH/Common.php(1135): CodeIgniter\View\View->render()
 6 APPPATH/Controllers/Home.php(15): view()
 7 SYSTEMPATH/CodeIgniter.php(898): App\Controllers\Home->index()
 8 SYSTEMPATH/CodeIgniter.php(468): CodeIgniter\CodeIgniter->runController()
 9 SYSTEMPATH/CodeIgniter.php(351): CodeIgniter\CodeIgniter->handleRequest()
10 FCPATH/index.php(55): CodeIgniter\CodeIgniter->run()
11 SYSTEMPATH/Commands/Server/rewrite.php(43): require_once('FCPATH/index.php')
ERROR - 2022-07-21 03:19:16 --> Error connecting to the database: No such file or directory
CRITICAL - 2022-07-21 03:19:16 --> Unable to connect to the database.
Main connection [MySQLi]: No such file or directory
in SYSTEMPATH/Database/BaseConnection.php on line 415.
 1 SYSTEMPATH/Database/BaseConnection.php(585): CodeIgniter\Database\BaseConnection->initialize()
 2 APPPATH/Views/home_page.php(27): CodeIgniter\Database\BaseConnection->query()
 3 SYSTEMPATH/View/View.php(213): include('APPPATH/Views/home_page.php')
 4 SYSTEMPATH/View/View.php(216): CodeIgniter\View\View->CodeIgniter\View\{closure}()
 5 SYSTEMPATH/Common.php(1135): CodeIgniter\View\View->render()
 6 APPPATH/Controllers/Home.php(15): view()
 7 SYSTEMPATH/CodeIgniter.php(898): App\Controllers\Home->index()
 8 SYSTEMPATH/CodeIgniter.php(468): CodeIgniter\CodeIgniter->runController()
 9 SYSTEMPATH/CodeIgniter.php(351): CodeIgniter\CodeIgniter->handleRequest()
10 FCPATH/index.php(55): CodeIgniter\CodeIgniter->run()
11 SYSTEMPATH/Commands/Server/rewrite.php(43): require_once('FCPATH/index.php')
ERROR - 2022-07-21 03:19:26 --> Error connecting to the database: No such file or directory
CRITICAL - 2022-07-21 03:19:26 --> Unable to connect to the database.
Main connection [MySQLi]: No such file or directory
in SYSTEMPATH/Database/BaseConnection.php on line 415.
 1 SYSTEMPATH/Database/BaseConnection.php(585): CodeIgniter\Database\BaseConnection->initialize()
 2 APPPATH/Views/report_data.php(31): CodeIgniter\Database\BaseConnection->query()
 3 SYSTEMPATH/View/View.php(213): include('APPPATH/Views/report_data.php')
 4 SYSTEMPATH/View/View.php(216): CodeIgniter\View\View->CodeIgniter\View\{closure}()
 5 SYSTEMPATH/Common.php(1135): CodeIgniter\View\View->render()
 6 APPPATH/Controllers/Home.php(29): view()
 7 SYSTEMPATH/CodeIgniter.php(898): App\Controllers\Home->reportingdata()
 8 SYSTEMPATH/CodeIgniter.php(468): CodeIgniter\CodeIgniter->runController()
 9 SYSTEMPATH/CodeIgniter.php(351): CodeIgniter\CodeIgniter->handleRequest()
10 FCPATH/index.php(55): CodeIgniter\CodeIgniter->run()
11 SYSTEMPATH/Commands/Server/rewrite.php(43): require_once('FCPATH/index.php')
ERROR - 2022-07-21 03:19:32 --> Error connecting to the database: No such file or directory
CRITICAL - 2022-07-21 03:19:32 --> Unable to connect to the database.
Main connection [MySQLi]: No such file or directory
in SYSTEMPATH/Database/BaseConnection.php on line 415.
 1 SYSTEMPATH/Database/BaseConnection.php(585): CodeIgniter\Database\BaseConnection->initialize()
 2 APPPATH/Views/report_data.php(31): CodeIgniter\Database\BaseConnection->query()
 3 SYSTEMPATH/View/View.php(213): include('APPPATH/Views/report_data.php')
 4 SYSTEMPATH/View/View.php(216): CodeIgniter\View\View->CodeIgniter\View\{closure}()
 5 SYSTEMPATH/Common.php(1135): CodeIgniter\View\View->render()
 6 APPPATH/Controllers/Home.php(29): view()
 7 SYSTEMPATH/CodeIgniter.php(898): App\Controllers\Home->reportingdata()
 8 SYSTEMPATH/CodeIgniter.php(468): CodeIgniter\CodeIgniter->runController()
 9 SYSTEMPATH/CodeIgniter.php(351): CodeIgniter\CodeIgniter->handleRequest()
10 FCPATH/index.php(55): CodeIgniter\CodeIgniter->run()
11 SYSTEMPATH/Commands/Server/rewrite.php(43): require_once('FCPATH/index.php')
ERROR - 2022-07-21 03:19:36 --> Error connecting to the database: No such file or directory
CRITICAL - 2022-07-21 03:19:36 --> Unable to connect to the database.
Main connection [MySQLi]: No such file or directory
in SYSTEMPATH/Database/BaseConnection.php on line 415.
 1 SYSTEMPATH/Database/BaseConnection.php(585): CodeIgniter\Database\BaseConnection->initialize()
 2 APPPATH/Views/home_page.php(27): CodeIgniter\Database\BaseConnection->query()
 3 SYSTEMPATH/View/View.php(213): include('APPPATH/Views/home_page.php')
 4 SYSTEMPATH/View/View.php(216): CodeIgniter\View\View->CodeIgniter\View\{closure}()
 5 SYSTEMPATH/Common.php(1135): CodeIgniter\View\View->render()
 6 APPPATH/Controllers/Home.php(15): view()
 7 SYSTEMPATH/CodeIgniter.php(898): App\Controllers\Home->index()
 8 SYSTEMPATH/CodeIgniter.php(468): CodeIgniter\CodeIgniter->runController()
 9 SYSTEMPATH/CodeIgniter.php(351): CodeIgniter\CodeIgniter->handleRequest()
10 FCPATH/index.php(55): CodeIgniter\CodeIgniter->run()
11 SYSTEMPATH/Commands/Server/rewrite.php(43): require_once('FCPATH/index.php')
