CRITICAL - 2022-07-08 15:28:20 --> Undefined variable $db
in APPPATH/Views/home_page.php on line 24.
 1 APPPATH/Views/home_page.php(24): CodeIgniter\Debug\Exceptions->errorHandler(2, 'Undefined variable $db', 'APPPATH/Views/home_page.php', 24)
 2 SYSTEMPATH/View/View.php(213): include('APPPATH/Views/home_page.php')
 3 SYSTEMPATH/View/View.php(216): CodeIgniter\View\View->CodeIgniter\View\{closure}()
 4 SYSTEMPATH/Common.php(1135): CodeIgniter\View\View->render('home_page', [], true)
 5 APPPATH/Controllers/Home.php(15): view('home_page')
 6 SYSTEMPATH/CodeIgniter.php(898): App\Controllers\Home->index()
 7 SYSTEMPATH/CodeIgniter.php(468): CodeIgniter\CodeIgniter->runController(Object(App\Controllers\Home))
 8 SYSTEMPATH/CodeIgniter.php(351): CodeIgniter\CodeIgniter->handleRequest(null, Object(Config\Cache), false)
 9 FCPATH/index.php(55): CodeIgniter\CodeIgniter->run()
CRITICAL - 2022-07-08 15:29:01 --> Undefined variable $db
in APPPATH/Views/home_page.php on line 24.
 1 APPPATH/Views/home_page.php(24): CodeIgniter\Debug\Exceptions->errorHandler(2, 'Undefined variable $db', 'APPPATH/Views/home_page.php', 24)
 2 SYSTEMPATH/View/View.php(213): include('APPPATH/Views/home_page.php')
 3 SYSTEMPATH/View/View.php(216): CodeIgniter\View\View->CodeIgniter\View\{closure}()
 4 SYSTEMPATH/Common.php(1135): CodeIgniter\View\View->render('home_page', [], true)
 5 APPPATH/Controllers/Home.php(15): view('home_page')
 6 SYSTEMPATH/CodeIgniter.php(898): App\Controllers\Home->index()
 7 SYSTEMPATH/CodeIgniter.php(468): CodeIgniter\CodeIgniter->runController(Object(App\Controllers\Home))
 8 SYSTEMPATH/CodeIgniter.php(351): CodeIgniter\CodeIgniter->handleRequest(null, Object(Config\Cache), false)
 9 FCPATH/index.php(55): CodeIgniter\CodeIgniter->run()
CRITICAL - 2022-07-08 15:29:02 --> Undefined variable $db
in APPPATH/Views/home_page.php on line 24.
 1 APPPATH/Views/home_page.php(24): CodeIgniter\Debug\Exceptions->errorHandler(2, 'Undefined variable $db', 'APPPATH/Views/home_page.php', 24)
 2 SYSTEMPATH/View/View.php(213): include('APPPATH/Views/home_page.php')
 3 SYSTEMPATH/View/View.php(216): CodeIgniter\View\View->CodeIgniter\View\{closure}()
 4 SYSTEMPATH/Common.php(1135): CodeIgniter\View\View->render('home_page', [], true)
 5 APPPATH/Controllers/Home.php(15): view('home_page')
 6 SYSTEMPATH/CodeIgniter.php(898): App\Controllers\Home->index()
 7 SYSTEMPATH/CodeIgniter.php(468): CodeIgniter\CodeIgniter->runController(Object(App\Controllers\Home))
 8 SYSTEMPATH/CodeIgniter.php(351): CodeIgniter\CodeIgniter->handleRequest(null, Object(Config\Cache), false)
 9 FCPATH/index.php(55): CodeIgniter\CodeIgniter->run()
CRITICAL - 2022-07-08 15:30:04 --> Undefined variable $db
in APPPATH/Views/home_page.php on line 24.
 1 APPPATH/Views/home_page.php(24): CodeIgniter\Debug\Exceptions->errorHandler(2, 'Undefined variable $db', 'APPPATH/Views/home_page.php', 24)
 2 SYSTEMPATH/View/View.php(213): include('APPPATH/Views/home_page.php')
 3 SYSTEMPATH/View/View.php(216): CodeIgniter\View\View->CodeIgniter\View\{closure}()
 4 SYSTEMPATH/Common.php(1135): CodeIgniter\View\View->render('home_page', [], true)
 5 APPPATH/Controllers/Home.php(15): view('home_page')
 6 SYSTEMPATH/CodeIgniter.php(898): App\Controllers\Home->index()
 7 SYSTEMPATH/CodeIgniter.php(468): CodeIgniter\CodeIgniter->runController(Object(App\Controllers\Home))
 8 SYSTEMPATH/CodeIgniter.php(351): CodeIgniter\CodeIgniter->handleRequest(null, Object(Config\Cache), false)
 9 FCPATH/index.php(55): CodeIgniter\CodeIgniter->run()
CRITICAL - 2022-07-08 15:30:44 --> Undefined variable $db
in APPPATH/Views/home_page.php on line 24.
 1 APPPATH/Views/home_page.php(24): CodeIgniter\Debug\Exceptions->errorHandler(2, 'Undefined variable $db', 'APPPATH/Views/home_page.php', 24)
 2 SYSTEMPATH/View/View.php(213): include('APPPATH/Views/home_page.php')
 3 SYSTEMPATH/View/View.php(216): CodeIgniter\View\View->CodeIgniter\View\{closure}()
 4 SYSTEMPATH/Common.php(1135): CodeIgniter\View\View->render('home_page', [], true)
 5 APPPATH/Controllers/Home.php(15): view('home_page')
 6 SYSTEMPATH/CodeIgniter.php(898): App\Controllers\Home->index()
 7 SYSTEMPATH/CodeIgniter.php(468): CodeIgniter\CodeIgniter->runController(Object(App\Controllers\Home))
 8 SYSTEMPATH/CodeIgniter.php(351): CodeIgniter\CodeIgniter->handleRequest(null, Object(Config\Cache), false)
 9 FCPATH/index.php(55): CodeIgniter\CodeIgniter->run()
CRITICAL - 2022-07-08 15:30:45 --> Undefined variable $db
in APPPATH/Views/home_page.php on line 24.
 1 APPPATH/Views/home_page.php(24): CodeIgniter\Debug\Exceptions->errorHandler(2, 'Undefined variable $db', 'APPPATH/Views/home_page.php', 24)
 2 SYSTEMPATH/View/View.php(213): include('APPPATH/Views/home_page.php')
 3 SYSTEMPATH/View/View.php(216): CodeIgniter\View\View->CodeIgniter\View\{closure}()
 4 SYSTEMPATH/Common.php(1135): CodeIgniter\View\View->render('home_page', [], true)
 5 APPPATH/Controllers/Home.php(15): view('home_page')
 6 SYSTEMPATH/CodeIgniter.php(898): App\Controllers\Home->index()
 7 SYSTEMPATH/CodeIgniter.php(468): CodeIgniter\CodeIgniter->runController(Object(App\Controllers\Home))
 8 SYSTEMPATH/CodeIgniter.php(351): CodeIgniter\CodeIgniter->handleRequest(null, Object(Config\Cache), false)
 9 FCPATH/index.php(55): CodeIgniter\CodeIgniter->run()
CRITICAL - 2022-07-08 15:30:46 --> Undefined variable $db
in APPPATH/Views/home_page.php on line 24.
 1 APPPATH/Views/home_page.php(24): CodeIgniter\Debug\Exceptions->errorHandler(2, 'Undefined variable $db', 'APPPATH/Views/home_page.php', 24)
 2 SYSTEMPATH/View/View.php(213): include('APPPATH/Views/home_page.php')
 3 SYSTEMPATH/View/View.php(216): CodeIgniter\View\View->CodeIgniter\View\{closure}()
 4 SYSTEMPATH/Common.php(1135): CodeIgniter\View\View->render('home_page', [], true)
 5 APPPATH/Controllers/Home.php(15): view('home_page')
 6 SYSTEMPATH/CodeIgniter.php(898): App\Controllers\Home->index()
 7 SYSTEMPATH/CodeIgniter.php(468): CodeIgniter\CodeIgniter->runController(Object(App\Controllers\Home))
 8 SYSTEMPATH/CodeIgniter.php(351): CodeIgniter\CodeIgniter->handleRequest(null, Object(Config\Cache), false)
 9 FCPATH/index.php(55): CodeIgniter\CodeIgniter->run()
CRITICAL - 2022-07-08 15:34:11 --> Undefined variable $db
in APPPATH/Views/home_page.php on line 23.
 1 APPPATH/Views/home_page.php(23): CodeIgniter\Debug\Exceptions->errorHandler(2, 'Undefined variable $db', 'APPPATH/Views/home_page.php', 23)
 2 SYSTEMPATH/View/View.php(213): include('APPPATH/Views/home_page.php')
 3 SYSTEMPATH/View/View.php(216): CodeIgniter\View\View->CodeIgniter\View\{closure}()
 4 SYSTEMPATH/Common.php(1135): CodeIgniter\View\View->render('home_page', [], true)
 5 APPPATH/Controllers/Home.php(15): view('home_page')
 6 SYSTEMPATH/CodeIgniter.php(898): App\Controllers\Home->index()
 7 SYSTEMPATH/CodeIgniter.php(468): CodeIgniter\CodeIgniter->runController(Object(App\Controllers\Home))
 8 SYSTEMPATH/CodeIgniter.php(351): CodeIgniter\CodeIgniter->handleRequest(null, Object(Config\Cache), false)
 9 FCPATH/index.php(55): CodeIgniter\CodeIgniter->run()
CRITICAL - 2022-07-08 15:36:24 --> Undefined variable $db
in APPPATH/Views/home_page.php on line 23.
 1 APPPATH/Views/home_page.php(23): CodeIgniter\Debug\Exceptions->errorHandler(2, 'Undefined variable $db', 'APPPATH/Views/home_page.php', 23)
 2 SYSTEMPATH/View/View.php(213): include('APPPATH/Views/home_page.php')
 3 SYSTEMPATH/View/View.php(216): CodeIgniter\View\View->CodeIgniter\View\{closure}()
 4 SYSTEMPATH/Common.php(1135): CodeIgniter\View\View->render('home_page', [], true)
 5 APPPATH/Controllers/Home.php(15): view('home_page')
 6 SYSTEMPATH/CodeIgniter.php(898): App\Controllers\Home->index()
 7 SYSTEMPATH/CodeIgniter.php(468): CodeIgniter\CodeIgniter->runController(Object(App\Controllers\Home))
 8 SYSTEMPATH/CodeIgniter.php(351): CodeIgniter\CodeIgniter->handleRequest(null, Object(Config\Cache), false)
 9 FCPATH/index.php(55): CodeIgniter\CodeIgniter->run()
CRITICAL - 2022-07-08 15:36:25 --> Undefined variable $db
in APPPATH/Views/home_page.php on line 23.
 1 APPPATH/Views/home_page.php(23): CodeIgniter\Debug\Exceptions->errorHandler(2, 'Undefined variable $db', 'APPPATH/Views/home_page.php', 23)
 2 SYSTEMPATH/View/View.php(213): include('APPPATH/Views/home_page.php')
 3 SYSTEMPATH/View/View.php(216): CodeIgniter\View\View->CodeIgniter\View\{closure}()
 4 SYSTEMPATH/Common.php(1135): CodeIgniter\View\View->render('home_page', [], true)
 5 APPPATH/Controllers/Home.php(15): view('home_page')
 6 SYSTEMPATH/CodeIgniter.php(898): App\Controllers\Home->index()
 7 SYSTEMPATH/CodeIgniter.php(468): CodeIgniter\CodeIgniter->runController(Object(App\Controllers\Home))
 8 SYSTEMPATH/CodeIgniter.php(351): CodeIgniter\CodeIgniter->handleRequest(null, Object(Config\Cache), false)
 9 FCPATH/index.php(55): CodeIgniter\CodeIgniter->run()
CRITICAL - 2022-07-08 15:36:29 --> Undefined variable $db
in APPPATH/Views/home_page.php on line 23.
 1 APPPATH/Views/home_page.php(23): CodeIgniter\Debug\Exceptions->errorHandler(2, 'Undefined variable $db', 'APPPATH/Views/home_page.php', 23)
 2 SYSTEMPATH/View/View.php(213): include('APPPATH/Views/home_page.php')
 3 SYSTEMPATH/View/View.php(216): CodeIgniter\View\View->CodeIgniter\View\{closure}()
 4 SYSTEMPATH/Common.php(1135): CodeIgniter\View\View->render('home_page', [], true)
 5 APPPATH/Controllers/Home.php(15): view('home_page')
 6 SYSTEMPATH/CodeIgniter.php(898): App\Controllers\Home->index()
 7 SYSTEMPATH/CodeIgniter.php(468): CodeIgniter\CodeIgniter->runController(Object(App\Controllers\Home))
 8 SYSTEMPATH/CodeIgniter.php(351): CodeIgniter\CodeIgniter->handleRequest(null, Object(Config\Cache), false)
 9 FCPATH/index.php(55): CodeIgniter\CodeIgniter->run()
CRITICAL - 2022-07-08 15:36:31 --> Undefined variable $db
in APPPATH/Views/home_page.php on line 23.
 1 APPPATH/Views/home_page.php(23): CodeIgniter\Debug\Exceptions->errorHandler(2, 'Undefined variable $db', 'APPPATH/Views/home_page.php', 23)
 2 SYSTEMPATH/View/View.php(213): include('APPPATH/Views/home_page.php')
 3 SYSTEMPATH/View/View.php(216): CodeIgniter\View\View->CodeIgniter\View\{closure}()
 4 SYSTEMPATH/Common.php(1135): CodeIgniter\View\View->render('home_page', [], true)
 5 APPPATH/Controllers/Home.php(15): view('home_page')
 6 SYSTEMPATH/CodeIgniter.php(898): App\Controllers\Home->index()
 7 SYSTEMPATH/CodeIgniter.php(468): CodeIgniter\CodeIgniter->runController(Object(App\Controllers\Home))
 8 SYSTEMPATH/CodeIgniter.php(351): CodeIgniter\CodeIgniter->handleRequest(null, Object(Config\Cache), false)
 9 FCPATH/index.php(55): CodeIgniter\CodeIgniter->run()
CRITICAL - 2022-07-08 15:51:30 --> Undefined variable $db
in APPPATH/Views/home_page.php on line 23.
 1 APPPATH/Views/home_page.php(23): CodeIgniter\Debug\Exceptions->errorHandler(2, 'Undefined variable $db', 'APPPATH/Views/home_page.php', 23)
 2 SYSTEMPATH/View/View.php(213): include('APPPATH/Views/home_page.php')
 3 SYSTEMPATH/View/View.php(216): CodeIgniter\View\View->CodeIgniter\View\{closure}()
 4 SYSTEMPATH/Common.php(1135): CodeIgniter\View\View->render('home_page', [], true)
 5 APPPATH/Controllers/Home.php(15): view('home_page')
 6 SYSTEMPATH/CodeIgniter.php(898): App\Controllers\Home->index()
 7 SYSTEMPATH/CodeIgniter.php(468): CodeIgniter\CodeIgniter->runController(Object(App\Controllers\Home))
 8 SYSTEMPATH/CodeIgniter.php(351): CodeIgniter\CodeIgniter->handleRequest(null, Object(Config\Cache), false)
 9 FCPATH/index.php(55): CodeIgniter\CodeIgniter->run()
CRITICAL - 2022-07-08 15:51:31 --> Undefined variable $db
in APPPATH/Views/home_page.php on line 23.
 1 APPPATH/Views/home_page.php(23): CodeIgniter\Debug\Exceptions->errorHandler(2, 'Undefined variable $db', 'APPPATH/Views/home_page.php', 23)
 2 SYSTEMPATH/View/View.php(213): include('APPPATH/Views/home_page.php')
 3 SYSTEMPATH/View/View.php(216): CodeIgniter\View\View->CodeIgniter\View\{closure}()
 4 SYSTEMPATH/Common.php(1135): CodeIgniter\View\View->render('home_page', [], true)
 5 APPPATH/Controllers/Home.php(15): view('home_page')
 6 SYSTEMPATH/CodeIgniter.php(898): App\Controllers\Home->index()
 7 SYSTEMPATH/CodeIgniter.php(468): CodeIgniter\CodeIgniter->runController(Object(App\Controllers\Home))
 8 SYSTEMPATH/CodeIgniter.php(351): CodeIgniter\CodeIgniter->handleRequest(null, Object(Config\Cache), false)
 9 FCPATH/index.php(55): CodeIgniter\CodeIgniter->run()
CRITICAL - 2022-07-08 15:54:41 --> Undefined variable $db
in APPPATH/Views/home_page.php on line 23.
 1 APPPATH/Views/home_page.php(23): CodeIgniter\Debug\Exceptions->errorHandler(2, 'Undefined variable $db', 'APPPATH/Views/home_page.php', 23)
 2 SYSTEMPATH/View/View.php(213): include('APPPATH/Views/home_page.php')
 3 SYSTEMPATH/View/View.php(216): CodeIgniter\View\View->CodeIgniter\View\{closure}()
 4 SYSTEMPATH/Common.php(1135): CodeIgniter\View\View->render('home_page', [], true)
 5 APPPATH/Controllers/Home.php(15): view('home_page')
 6 SYSTEMPATH/CodeIgniter.php(898): App\Controllers\Home->index()
 7 SYSTEMPATH/CodeIgniter.php(468): CodeIgniter\CodeIgniter->runController(Object(App\Controllers\Home))
 8 SYSTEMPATH/CodeIgniter.php(351): CodeIgniter\CodeIgniter->handleRequest(null, Object(Config\Cache), false)
 9 FCPATH/index.php(55): CodeIgniter\CodeIgniter->run()
CRITICAL - 2022-07-08 16:00:22 --> Undefined variable $db
in APPPATH/Views/home_page.php on line 23.
 1 APPPATH/Views/home_page.php(23): CodeIgniter\Debug\Exceptions->errorHandler(2, 'Undefined variable $db', 'APPPATH/Views/home_page.php', 23)
 2 SYSTEMPATH/View/View.php(213): include('APPPATH/Views/home_page.php')
 3 SYSTEMPATH/View/View.php(216): CodeIgniter\View\View->CodeIgniter\View\{closure}()
 4 SYSTEMPATH/Common.php(1135): CodeIgniter\View\View->render('home_page', [], true)
 5 APPPATH/Controllers/Home.php(15): view('home_page')
 6 SYSTEMPATH/CodeIgniter.php(898): App\Controllers\Home->index()
 7 SYSTEMPATH/CodeIgniter.php(468): CodeIgniter\CodeIgniter->runController(Object(App\Controllers\Home))
 8 SYSTEMPATH/CodeIgniter.php(351): CodeIgniter\CodeIgniter->handleRequest(null, Object(Config\Cache), false)
 9 FCPATH/index.php(55): CodeIgniter\CodeIgniter->run()
CRITICAL - 2022-07-08 16:06:14 --> Undefined variable $db
in APPPATH/Views/home_page.php on line 23.
 1 APPPATH/Views/home_page.php(23): CodeIgniter\Debug\Exceptions->errorHandler(2, 'Undefined variable $db', 'APPPATH/Views/home_page.php', 23)
 2 SYSTEMPATH/View/View.php(213): include('APPPATH/Views/home_page.php')
 3 SYSTEMPATH/View/View.php(216): CodeIgniter\View\View->CodeIgniter\View\{closure}()
 4 SYSTEMPATH/Common.php(1135): CodeIgniter\View\View->render('home_page', [], true)
 5 APPPATH/Controllers/Home.php(15): view('home_page')
 6 SYSTEMPATH/CodeIgniter.php(898): App\Controllers\Home->index()
 7 SYSTEMPATH/CodeIgniter.php(468): CodeIgniter\CodeIgniter->runController(Object(App\Controllers\Home))
 8 SYSTEMPATH/CodeIgniter.php(351): CodeIgniter\CodeIgniter->handleRequest(null, Object(Config\Cache), false)
 9 FCPATH/index.php(55): CodeIgniter\CodeIgniter->run()
CRITICAL - 2022-07-08 16:06:15 --> Undefined variable $db
in APPPATH/Views/home_page.php on line 23.
 1 APPPATH/Views/home_page.php(23): CodeIgniter\Debug\Exceptions->errorHandler(2, 'Undefined variable $db', 'APPPATH/Views/home_page.php', 23)
 2 SYSTEMPATH/View/View.php(213): include('APPPATH/Views/home_page.php')
 3 SYSTEMPATH/View/View.php(216): CodeIgniter\View\View->CodeIgniter\View\{closure}()
 4 SYSTEMPATH/Common.php(1135): CodeIgniter\View\View->render('home_page', [], true)
 5 APPPATH/Controllers/Home.php(15): view('home_page')
 6 SYSTEMPATH/CodeIgniter.php(898): App\Controllers\Home->index()
 7 SYSTEMPATH/CodeIgniter.php(468): CodeIgniter\CodeIgniter->runController(Object(App\Controllers\Home))
 8 SYSTEMPATH/CodeIgniter.php(351): CodeIgniter\CodeIgniter->handleRequest(null, Object(Config\Cache), false)
 9 FCPATH/index.php(55): CodeIgniter\CodeIgniter->run()
CRITICAL - 2022-07-08 16:06:16 --> Undefined variable $db
in APPPATH/Views/home_page.php on line 23.
 1 APPPATH/Views/home_page.php(23): CodeIgniter\Debug\Exceptions->errorHandler(2, 'Undefined variable $db', 'APPPATH/Views/home_page.php', 23)
 2 SYSTEMPATH/View/View.php(213): include('APPPATH/Views/home_page.php')
 3 SYSTEMPATH/View/View.php(216): CodeIgniter\View\View->CodeIgniter\View\{closure}()
 4 SYSTEMPATH/Common.php(1135): CodeIgniter\View\View->render('home_page', [], true)
 5 APPPATH/Controllers/Home.php(15): view('home_page')
 6 SYSTEMPATH/CodeIgniter.php(898): App\Controllers\Home->index()
 7 SYSTEMPATH/CodeIgniter.php(468): CodeIgniter\CodeIgniter->runController(Object(App\Controllers\Home))
 8 SYSTEMPATH/CodeIgniter.php(351): CodeIgniter\CodeIgniter->handleRequest(null, Object(Config\Cache), false)
 9 FCPATH/index.php(55): CodeIgniter\CodeIgniter->run()
CRITICAL - 2022-07-08 16:06:16 --> Undefined variable $db
in APPPATH/Views/home_page.php on line 23.
 1 APPPATH/Views/home_page.php(23): CodeIgniter\Debug\Exceptions->errorHandler(2, 'Undefined variable $db', 'APPPATH/Views/home_page.php', 23)
 2 SYSTEMPATH/View/View.php(213): include('APPPATH/Views/home_page.php')
 3 SYSTEMPATH/View/View.php(216): CodeIgniter\View\View->CodeIgniter\View\{closure}()
 4 SYSTEMPATH/Common.php(1135): CodeIgniter\View\View->render('home_page', [], true)
 5 APPPATH/Controllers/Home.php(15): view('home_page')
 6 SYSTEMPATH/CodeIgniter.php(898): App\Controllers\Home->index()
 7 SYSTEMPATH/CodeIgniter.php(468): CodeIgniter\CodeIgniter->runController(Object(App\Controllers\Home))
 8 SYSTEMPATH/CodeIgniter.php(351): CodeIgniter\CodeIgniter->handleRequest(null, Object(Config\Cache), false)
 9 FCPATH/index.php(55): CodeIgniter\CodeIgniter->run()
CRITICAL - 2022-07-08 16:06:17 --> Undefined variable $db
in APPPATH/Views/home_page.php on line 23.
 1 APPPATH/Views/home_page.php(23): CodeIgniter\Debug\Exceptions->errorHandler(2, 'Undefined variable $db', 'APPPATH/Views/home_page.php', 23)
 2 SYSTEMPATH/View/View.php(213): include('APPPATH/Views/home_page.php')
 3 SYSTEMPATH/View/View.php(216): CodeIgniter\View\View->CodeIgniter\View\{closure}()
 4 SYSTEMPATH/Common.php(1135): CodeIgniter\View\View->render('home_page', [], true)
 5 APPPATH/Controllers/Home.php(15): view('home_page')
 6 SYSTEMPATH/CodeIgniter.php(898): App\Controllers\Home->index()
 7 SYSTEMPATH/CodeIgniter.php(468): CodeIgniter\CodeIgniter->runController(Object(App\Controllers\Home))
 8 SYSTEMPATH/CodeIgniter.php(351): CodeIgniter\CodeIgniter->handleRequest(null, Object(Config\Cache), false)
 9 FCPATH/index.php(55): CodeIgniter\CodeIgniter->run()
CRITICAL - 2022-07-08 16:06:17 --> Undefined variable $db
in APPPATH/Views/home_page.php on line 23.
 1 APPPATH/Views/home_page.php(23): CodeIgniter\Debug\Exceptions->errorHandler(2, 'Undefined variable $db', 'APPPATH/Views/home_page.php', 23)
 2 SYSTEMPATH/View/View.php(213): include('APPPATH/Views/home_page.php')
 3 SYSTEMPATH/View/View.php(216): CodeIgniter\View\View->CodeIgniter\View\{closure}()
 4 SYSTEMPATH/Common.php(1135): CodeIgniter\View\View->render('home_page', [], true)
 5 APPPATH/Controllers/Home.php(15): view('home_page')
 6 SYSTEMPATH/CodeIgniter.php(898): App\Controllers\Home->index()
 7 SYSTEMPATH/CodeIgniter.php(468): CodeIgniter\CodeIgniter->runController(Object(App\Controllers\Home))
 8 SYSTEMPATH/CodeIgniter.php(351): CodeIgniter\CodeIgniter->handleRequest(null, Object(Config\Cache), false)
 9 FCPATH/index.php(55): CodeIgniter\CodeIgniter->run()
CRITICAL - 2022-07-08 16:06:18 --> Undefined variable $db
in APPPATH/Views/home_page.php on line 23.
 1 APPPATH/Views/home_page.php(23): CodeIgniter\Debug\Exceptions->errorHandler(2, 'Undefined variable $db', 'APPPATH/Views/home_page.php', 23)
 2 SYSTEMPATH/View/View.php(213): include('APPPATH/Views/home_page.php')
 3 SYSTEMPATH/View/View.php(216): CodeIgniter\View\View->CodeIgniter\View\{closure}()
 4 SYSTEMPATH/Common.php(1135): CodeIgniter\View\View->render('home_page', [], true)
 5 APPPATH/Controllers/Home.php(15): view('home_page')
 6 SYSTEMPATH/CodeIgniter.php(898): App\Controllers\Home->index()
 7 SYSTEMPATH/CodeIgniter.php(468): CodeIgniter\CodeIgniter->runController(Object(App\Controllers\Home))
 8 SYSTEMPATH/CodeIgniter.php(351): CodeIgniter\CodeIgniter->handleRequest(null, Object(Config\Cache), false)
 9 FCPATH/index.php(55): CodeIgniter\CodeIgniter->run()
CRITICAL - 2022-07-08 16:11:38 --> Undefined variable $db
in APPPATH/Views/home_page.php on line 23.
 1 APPPATH/Views/home_page.php(23): CodeIgniter\Debug\Exceptions->errorHandler(2, 'Undefined variable $db', 'APPPATH/Views/home_page.php', 23)
 2 SYSTEMPATH/View/View.php(213): include('APPPATH/Views/home_page.php')
 3 SYSTEMPATH/View/View.php(216): CodeIgniter\View\View->CodeIgniter\View\{closure}()
 4 SYSTEMPATH/Common.php(1135): CodeIgniter\View\View->render('home_page', [], true)
 5 APPPATH/Controllers/Home.php(15): view('home_page')
 6 SYSTEMPATH/CodeIgniter.php(898): App\Controllers\Home->index()
 7 SYSTEMPATH/CodeIgniter.php(468): CodeIgniter\CodeIgniter->runController(Object(App\Controllers\Home))
 8 SYSTEMPATH/CodeIgniter.php(351): CodeIgniter\CodeIgniter->handleRequest(null, Object(Config\Cache), false)
 9 FCPATH/index.php(55): CodeIgniter\CodeIgniter->run()
CRITICAL - 2022-07-08 16:12:00 --> Undefined variable $db
in APPPATH/Views/home_page.php on line 23.
 1 APPPATH/Views/home_page.php(23): CodeIgniter\Debug\Exceptions->errorHandler(2, 'Undefined variable $db', 'APPPATH/Views/home_page.php', 23)
 2 SYSTEMPATH/View/View.php(213): include('APPPATH/Views/home_page.php')
 3 SYSTEMPATH/View/View.php(216): CodeIgniter\View\View->CodeIgniter\View\{closure}()
 4 SYSTEMPATH/Common.php(1135): CodeIgniter\View\View->render('home_page', [], true)
 5 APPPATH/Controllers/Home.php(15): view('home_page')
 6 SYSTEMPATH/CodeIgniter.php(898): App\Controllers\Home->index()
 7 SYSTEMPATH/CodeIgniter.php(468): CodeIgniter\CodeIgniter->runController(Object(App\Controllers\Home))
 8 SYSTEMPATH/CodeIgniter.php(351): CodeIgniter\CodeIgniter->handleRequest(null, Object(Config\Cache), false)
 9 FCPATH/index.php(55): CodeIgniter\CodeIgniter->run()
CRITICAL - 2022-07-08 16:12:03 --> Undefined variable $db
in APPPATH/Views/home_page.php on line 23.
 1 APPPATH/Views/home_page.php(23): CodeIgniter\Debug\Exceptions->errorHandler(2, 'Undefined variable $db', 'APPPATH/Views/home_page.php', 23)
 2 SYSTEMPATH/View/View.php(213): include('APPPATH/Views/home_page.php')
 3 SYSTEMPATH/View/View.php(216): CodeIgniter\View\View->CodeIgniter\View\{closure}()
 4 SYSTEMPATH/Common.php(1135): CodeIgniter\View\View->render('home_page', [], true)
 5 APPPATH/Controllers/Home.php(15): view('home_page')
 6 SYSTEMPATH/CodeIgniter.php(898): App\Controllers\Home->index()
 7 SYSTEMPATH/CodeIgniter.php(468): CodeIgniter\CodeIgniter->runController(Object(App\Controllers\Home))
 8 SYSTEMPATH/CodeIgniter.php(351): CodeIgniter\CodeIgniter->handleRequest(null, Object(Config\Cache), false)
 9 FCPATH/index.php(55): CodeIgniter\CodeIgniter->run()
CRITICAL - 2022-07-08 16:12:03 --> Undefined variable $db
in APPPATH/Views/home_page.php on line 23.
 1 APPPATH/Views/home_page.php(23): CodeIgniter\Debug\Exceptions->errorHandler(2, 'Undefined variable $db', 'APPPATH/Views/home_page.php', 23)
 2 SYSTEMPATH/View/View.php(213): include('APPPATH/Views/home_page.php')
 3 SYSTEMPATH/View/View.php(216): CodeIgniter\View\View->CodeIgniter\View\{closure}()
 4 SYSTEMPATH/Common.php(1135): CodeIgniter\View\View->render('home_page', [], true)
 5 APPPATH/Controllers/Home.php(15): view('home_page')
 6 SYSTEMPATH/CodeIgniter.php(898): App\Controllers\Home->index()
 7 SYSTEMPATH/CodeIgniter.php(468): CodeIgniter\CodeIgniter->runController(Object(App\Controllers\Home))
 8 SYSTEMPATH/CodeIgniter.php(351): CodeIgniter\CodeIgniter->handleRequest(null, Object(Config\Cache), false)
 9 FCPATH/index.php(55): CodeIgniter\CodeIgniter->run()
CRITICAL - 2022-07-08 16:12:04 --> Undefined variable $db
in APPPATH/Views/home_page.php on line 23.
 1 APPPATH/Views/home_page.php(23): CodeIgniter\Debug\Exceptions->errorHandler(2, 'Undefined variable $db', 'APPPATH/Views/home_page.php', 23)
 2 SYSTEMPATH/View/View.php(213): include('APPPATH/Views/home_page.php')
 3 SYSTEMPATH/View/View.php(216): CodeIgniter\View\View->CodeIgniter\View\{closure}()
 4 SYSTEMPATH/Common.php(1135): CodeIgniter\View\View->render('home_page', [], true)
 5 APPPATH/Controllers/Home.php(15): view('home_page')
 6 SYSTEMPATH/CodeIgniter.php(898): App\Controllers\Home->index()
 7 SYSTEMPATH/CodeIgniter.php(468): CodeIgniter\CodeIgniter->runController(Object(App\Controllers\Home))
 8 SYSTEMPATH/CodeIgniter.php(351): CodeIgniter\CodeIgniter->handleRequest(null, Object(Config\Cache), false)
 9 FCPATH/index.php(55): CodeIgniter\CodeIgniter->run()
CRITICAL - 2022-07-08 16:15:44 --> Undefined variable $db
in APPPATH/Views/home_page.php on line 23.
 1 APPPATH/Views/home_page.php(23): CodeIgniter\Debug\Exceptions->errorHandler(2, 'Undefined variable $db', 'APPPATH/Views/home_page.php', 23)
 2 SYSTEMPATH/View/View.php(213): include('APPPATH/Views/home_page.php')
 3 SYSTEMPATH/View/View.php(216): CodeIgniter\View\View->CodeIgniter\View\{closure}()
 4 SYSTEMPATH/Common.php(1135): CodeIgniter\View\View->render('home_page', [], true)
 5 APPPATH/Controllers/Home.php(15): view('home_page')
 6 SYSTEMPATH/CodeIgniter.php(898): App\Controllers\Home->index()
 7 SYSTEMPATH/CodeIgniter.php(468): CodeIgniter\CodeIgniter->runController(Object(App\Controllers\Home))
 8 SYSTEMPATH/CodeIgniter.php(351): CodeIgniter\CodeIgniter->handleRequest(null, Object(Config\Cache), false)
 9 FCPATH/index.php(55): CodeIgniter\CodeIgniter->run()
CRITICAL - 2022-07-08 16:15:45 --> Undefined variable $db
in APPPATH/Views/home_page.php on line 23.
 1 APPPATH/Views/home_page.php(23): CodeIgniter\Debug\Exceptions->errorHandler(2, 'Undefined variable $db', 'APPPATH/Views/home_page.php', 23)
 2 SYSTEMPATH/View/View.php(213): include('APPPATH/Views/home_page.php')
 3 SYSTEMPATH/View/View.php(216): CodeIgniter\View\View->CodeIgniter\View\{closure}()
 4 SYSTEMPATH/Common.php(1135): CodeIgniter\View\View->render('home_page', [], true)
 5 APPPATH/Controllers/Home.php(15): view('home_page')
 6 SYSTEMPATH/CodeIgniter.php(898): App\Controllers\Home->index()
 7 SYSTEMPATH/CodeIgniter.php(468): CodeIgniter\CodeIgniter->runController(Object(App\Controllers\Home))
 8 SYSTEMPATH/CodeIgniter.php(351): CodeIgniter\CodeIgniter->handleRequest(null, Object(Config\Cache), false)
 9 FCPATH/index.php(55): CodeIgniter\CodeIgniter->run()
CRITICAL - 2022-07-08 16:15:47 --> Undefined variable $db
in APPPATH/Views/home_page.php on line 23.
 1 APPPATH/Views/home_page.php(23): CodeIgniter\Debug\Exceptions->errorHandler(2, 'Undefined variable $db', 'APPPATH/Views/home_page.php', 23)
 2 SYSTEMPATH/View/View.php(213): include('APPPATH/Views/home_page.php')
 3 SYSTEMPATH/View/View.php(216): CodeIgniter\View\View->CodeIgniter\View\{closure}()
 4 SYSTEMPATH/Common.php(1135): CodeIgniter\View\View->render('home_page', [], true)
 5 APPPATH/Controllers/Home.php(15): view('home_page')
 6 SYSTEMPATH/CodeIgniter.php(898): App\Controllers\Home->index()
 7 SYSTEMPATH/CodeIgniter.php(468): CodeIgniter\CodeIgniter->runController(Object(App\Controllers\Home))
 8 SYSTEMPATH/CodeIgniter.php(351): CodeIgniter\CodeIgniter->handleRequest(null, Object(Config\Cache), false)
 9 FCPATH/index.php(55): CodeIgniter\CodeIgniter->run()
CRITICAL - 2022-07-08 16:15:56 --> Undefined variable $db
in APPPATH/Views/home_page.php on line 23.
 1 APPPATH/Views/home_page.php(23): CodeIgniter\Debug\Exceptions->errorHandler(2, 'Undefined variable $db', 'APPPATH/Views/home_page.php', 23)
 2 SYSTEMPATH/View/View.php(213): include('APPPATH/Views/home_page.php')
 3 SYSTEMPATH/View/View.php(216): CodeIgniter\View\View->CodeIgniter\View\{closure}()
 4 SYSTEMPATH/Common.php(1135): CodeIgniter\View\View->render('home_page', [], true)
 5 APPPATH/Controllers/Home.php(15): view('home_page')
 6 SYSTEMPATH/CodeIgniter.php(898): App\Controllers\Home->index()
 7 SYSTEMPATH/CodeIgniter.php(468): CodeIgniter\CodeIgniter->runController(Object(App\Controllers\Home))
 8 SYSTEMPATH/CodeIgniter.php(351): CodeIgniter\CodeIgniter->handleRequest(null, Object(Config\Cache), false)
 9 FCPATH/index.php(55): CodeIgniter\CodeIgniter->run()
CRITICAL - 2022-07-08 16:18:43 --> Undefined property: stdClass::$title
in APPPATH/Views/home_page.php on line 29.
 1 APPPATH/Views/home_page.php(29): CodeIgniter\Debug\Exceptions->errorHandler(2, 'Undefined property: stdClass::$title', 'APPPATH/Views/home_page.php', 29)
 2 SYSTEMPATH/View/View.php(213): include('APPPATH/Views/home_page.php')
 3 SYSTEMPATH/View/View.php(216): CodeIgniter\View\View->CodeIgniter\View\{closure}()
 4 SYSTEMPATH/Common.php(1135): CodeIgniter\View\View->render('home_page', [], true)
 5 APPPATH/Controllers/Home.php(15): view('home_page')
 6 SYSTEMPATH/CodeIgniter.php(898): App\Controllers\Home->index()
 7 SYSTEMPATH/CodeIgniter.php(468): CodeIgniter\CodeIgniter->runController(Object(App\Controllers\Home))
 8 SYSTEMPATH/CodeIgniter.php(351): CodeIgniter\CodeIgniter->handleRequest(null, Object(Config\Cache), false)
 9 FCPATH/index.php(55): CodeIgniter\CodeIgniter->run()
CRITICAL - 2022-07-08 16:18:44 --> Undefined property: stdClass::$title
in APPPATH/Views/home_page.php on line 29.
 1 APPPATH/Views/home_page.php(29): CodeIgniter\Debug\Exceptions->errorHandler(2, 'Undefined property: stdClass::$title', 'APPPATH/Views/home_page.php', 29)
 2 SYSTEMPATH/View/View.php(213): include('APPPATH/Views/home_page.php')
 3 SYSTEMPATH/View/View.php(216): CodeIgniter\View\View->CodeIgniter\View\{closure}()
 4 SYSTEMPATH/Common.php(1135): CodeIgniter\View\View->render('home_page', [], true)
 5 APPPATH/Controllers/Home.php(15): view('home_page')
 6 SYSTEMPATH/CodeIgniter.php(898): App\Controllers\Home->index()
 7 SYSTEMPATH/CodeIgniter.php(468): CodeIgniter\CodeIgniter->runController(Object(App\Controllers\Home))
 8 SYSTEMPATH/CodeIgniter.php(351): CodeIgniter\CodeIgniter->handleRequest(null, Object(Config\Cache), false)
 9 FCPATH/index.php(55): CodeIgniter\CodeIgniter->run()
CRITICAL - 2022-07-08 16:18:45 --> Undefined property: stdClass::$title
in APPPATH/Views/home_page.php on line 29.
 1 APPPATH/Views/home_page.php(29): CodeIgniter\Debug\Exceptions->errorHandler(2, 'Undefined property: stdClass::$title', 'APPPATH/Views/home_page.php', 29)
 2 SYSTEMPATH/View/View.php(213): include('APPPATH/Views/home_page.php')
 3 SYSTEMPATH/View/View.php(216): CodeIgniter\View\View->CodeIgniter\View\{closure}()
 4 SYSTEMPATH/Common.php(1135): CodeIgniter\View\View->render('home_page', [], true)
 5 APPPATH/Controllers/Home.php(15): view('home_page')
 6 SYSTEMPATH/CodeIgniter.php(898): App\Controllers\Home->index()
 7 SYSTEMPATH/CodeIgniter.php(468): CodeIgniter\CodeIgniter->runController(Object(App\Controllers\Home))
 8 SYSTEMPATH/CodeIgniter.php(351): CodeIgniter\CodeIgniter->handleRequest(null, Object(Config\Cache), false)
 9 FCPATH/index.php(55): CodeIgniter\CodeIgniter->run()
CRITICAL - 2022-07-08 16:18:46 --> Undefined property: stdClass::$title
in APPPATH/Views/home_page.php on line 29.
 1 APPPATH/Views/home_page.php(29): CodeIgniter\Debug\Exceptions->errorHandler(2, 'Undefined property: stdClass::$title', 'APPPATH/Views/home_page.php', 29)
 2 SYSTEMPATH/View/View.php(213): include('APPPATH/Views/home_page.php')
 3 SYSTEMPATH/View/View.php(216): CodeIgniter\View\View->CodeIgniter\View\{closure}()
 4 SYSTEMPATH/Common.php(1135): CodeIgniter\View\View->render('home_page', [], true)
 5 APPPATH/Controllers/Home.php(15): view('home_page')
 6 SYSTEMPATH/CodeIgniter.php(898): App\Controllers\Home->index()
 7 SYSTEMPATH/CodeIgniter.php(468): CodeIgniter\CodeIgniter->runController(Object(App\Controllers\Home))
 8 SYSTEMPATH/CodeIgniter.php(351): CodeIgniter\CodeIgniter->handleRequest(null, Object(Config\Cache), false)
 9 FCPATH/index.php(55): CodeIgniter\CodeIgniter->run()
CRITICAL - 2022-07-08 16:24:42 --> Undefined property: stdClass::$title
in APPPATH/Views/home_page.php on line 29.
 1 APPPATH/Views/home_page.php(29): CodeIgniter\Debug\Exceptions->errorHandler(2, 'Undefined property: stdClass::$title', 'APPPATH/Views/home_page.php', 29)
 2 SYSTEMPATH/View/View.php(213): include('APPPATH/Views/home_page.php')
 3 SYSTEMPATH/View/View.php(216): CodeIgniter\View\View->CodeIgniter\View\{closure}()
 4 SYSTEMPATH/Common.php(1135): CodeIgniter\View\View->render('home_page', [], true)
 5 APPPATH/Controllers/Home.php(15): view('home_page')
 6 SYSTEMPATH/CodeIgniter.php(898): App\Controllers\Home->index()
 7 SYSTEMPATH/CodeIgniter.php(468): CodeIgniter\CodeIgniter->runController(Object(App\Controllers\Home))
 8 SYSTEMPATH/CodeIgniter.php(351): CodeIgniter\CodeIgniter->handleRequest(null, Object(Config\Cache), false)
 9 FCPATH/index.php(55): CodeIgniter\CodeIgniter->run()
CRITICAL - 2022-07-08 16:24:46 --> Undefined property: stdClass::$title
in APPPATH/Views/home_page.php on line 29.
 1 APPPATH/Views/home_page.php(29): CodeIgniter\Debug\Exceptions->errorHandler(2, 'Undefined property: stdClass::$title', 'APPPATH/Views/home_page.php', 29)
 2 SYSTEMPATH/View/View.php(213): include('APPPATH/Views/home_page.php')
 3 SYSTEMPATH/View/View.php(216): CodeIgniter\View\View->CodeIgniter\View\{closure}()
 4 SYSTEMPATH/Common.php(1135): CodeIgniter\View\View->render('home_page', [], true)
 5 APPPATH/Controllers/Home.php(15): view('home_page')
 6 SYSTEMPATH/CodeIgniter.php(898): App\Controllers\Home->index()
 7 SYSTEMPATH/CodeIgniter.php(468): CodeIgniter\CodeIgniter->runController(Object(App\Controllers\Home))
 8 SYSTEMPATH/CodeIgniter.php(351): CodeIgniter\CodeIgniter->handleRequest(null, Object(Config\Cache), false)
 9 FCPATH/index.php(55): CodeIgniter\CodeIgniter->run()
