CRITICAL - 2022-07-19 16:59:16 --> Undefined variable $db
in APPPATH/Views/report_data.php on line 21.
 1 APPPATH/Views/report_data.php(21): CodeIgniter\Debug\Exceptions->errorHandler(2, 'Undefined variable $db', 'APPPATH/Views/report_data.php', 21)
 2 SYSTEMPATH/View/View.php(213): include('APPPATH/Views/report_data.php')
 3 SYSTEMPATH/View/View.php(216): CodeIgniter\View\View->CodeIgniter\View\{closure}()
 4 SYSTEMPATH/Common.php(1135): CodeIgniter\View\View->render('report_data', [], true)
 5 APPPATH/Controllers/Home.php(29): view('report_data')
 6 SYSTEMPATH/CodeIgniter.php(898): App\Controllers\Home->reportingdata()
 7 SYSTEMPATH/CodeIgniter.php(468): CodeIgniter\CodeIgniter->runController(Object(App\Controllers\Home))
 8 SYSTEMPATH/CodeIgniter.php(351): CodeIgniter\CodeIgniter->handleRequest(null, Object(Config\Cache), false)
 9 FCPATH/index.php(55): CodeIgniter\CodeIgniter->run()
CRITICAL - 2022-07-19 17:00:06 --> Undefined variable $db
in APPPATH/Views/report_data.php on line 21.
 1 APPPATH/Views/report_data.php(21): CodeIgniter\Debug\Exceptions->errorHandler(2, 'Undefined variable $db', 'APPPATH/Views/report_data.php', 21)
 2 SYSTEMPATH/View/View.php(213): include('APPPATH/Views/report_data.php')
 3 SYSTEMPATH/View/View.php(216): CodeIgniter\View\View->CodeIgniter\View\{closure}()
 4 SYSTEMPATH/Common.php(1135): CodeIgniter\View\View->render('report_data', [], true)
 5 APPPATH/Controllers/Home.php(29): view('report_data')
 6 SYSTEMPATH/CodeIgniter.php(898): App\Controllers\Home->reportingdata()
 7 SYSTEMPATH/CodeIgniter.php(468): CodeIgniter\CodeIgniter->runController(Object(App\Controllers\Home))
 8 SYSTEMPATH/CodeIgniter.php(351): CodeIgniter\CodeIgniter->handleRequest(null, Object(Config\Cache), false)
 9 FCPATH/index.php(55): CodeIgniter\CodeIgniter->run()
CRITICAL - 2022-07-19 17:00:08 --> Undefined variable $db
in APPPATH/Views/report_data.php on line 21.
 1 APPPATH/Views/report_data.php(21): CodeIgniter\Debug\Exceptions->errorHandler(2, 'Undefined variable $db', 'APPPATH/Views/report_data.php', 21)
 2 SYSTEMPATH/View/View.php(213): include('APPPATH/Views/report_data.php')
 3 SYSTEMPATH/View/View.php(216): CodeIgniter\View\View->CodeIgniter\View\{closure}()
 4 SYSTEMPATH/Common.php(1135): CodeIgniter\View\View->render('report_data', [], true)
 5 APPPATH/Controllers/Home.php(29): view('report_data')
 6 SYSTEMPATH/CodeIgniter.php(898): App\Controllers\Home->reportingdata()
 7 SYSTEMPATH/CodeIgniter.php(468): CodeIgniter\CodeIgniter->runController(Object(App\Controllers\Home))
 8 SYSTEMPATH/CodeIgniter.php(351): CodeIgniter\CodeIgniter->handleRequest(null, Object(Config\Cache), false)
 9 FCPATH/index.php(55): CodeIgniter\CodeIgniter->run()
CRITICAL - 2022-07-19 17:04:25 --> Undefined variable $db
in APPPATH/Views/report_data.php on line 21.
 1 APPPATH/Views/report_data.php(21): CodeIgniter\Debug\Exceptions->errorHandler(2, 'Undefined variable $db', 'APPPATH/Views/report_data.php', 21)
 2 SYSTEMPATH/View/View.php(213): include('APPPATH/Views/report_data.php')
 3 SYSTEMPATH/View/View.php(216): CodeIgniter\View\View->CodeIgniter\View\{closure}()
 4 SYSTEMPATH/Common.php(1135): CodeIgniter\View\View->render('report_data', [], true)
 5 APPPATH/Controllers/Home.php(29): view('report_data')
 6 SYSTEMPATH/CodeIgniter.php(898): App\Controllers\Home->reportingdata()
 7 SYSTEMPATH/CodeIgniter.php(468): CodeIgniter\CodeIgniter->runController(Object(App\Controllers\Home))
 8 SYSTEMPATH/CodeIgniter.php(351): CodeIgniter\CodeIgniter->handleRequest(null, Object(Config\Cache), false)
 9 FCPATH/index.php(55): CodeIgniter\CodeIgniter->run()
CRITICAL - 2022-07-19 17:05:41 --> Undefined variable $db
in APPPATH/Views/report_data.php on line 21.
 1 APPPATH/Views/report_data.php(21): CodeIgniter\Debug\Exceptions->errorHandler(2, 'Undefined variable $db', 'APPPATH/Views/report_data.php', 21)
 2 SYSTEMPATH/View/View.php(213): include('APPPATH/Views/report_data.php')
 3 SYSTEMPATH/View/View.php(216): CodeIgniter\View\View->CodeIgniter\View\{closure}()
 4 SYSTEMPATH/Common.php(1135): CodeIgniter\View\View->render('report_data', [], true)
 5 APPPATH/Controllers/Home.php(29): view('report_data')
 6 SYSTEMPATH/CodeIgniter.php(898): App\Controllers\Home->reportingdata()
 7 SYSTEMPATH/CodeIgniter.php(468): CodeIgniter\CodeIgniter->runController(Object(App\Controllers\Home))
 8 SYSTEMPATH/CodeIgniter.php(351): CodeIgniter\CodeIgniter->handleRequest(null, Object(Config\Cache), false)
 9 FCPATH/index.php(55): CodeIgniter\CodeIgniter->run()
CRITICAL - 2022-07-19 17:07:05 --> Undefined variable $db
in APPPATH/Views/report_data.php on line 21.
 1 APPPATH/Views/report_data.php(21): CodeIgniter\Debug\Exceptions->errorHandler(2, 'Undefined variable $db', 'APPPATH/Views/report_data.php', 21)
 2 SYSTEMPATH/View/View.php(213): include('APPPATH/Views/report_data.php')
 3 SYSTEMPATH/View/View.php(216): CodeIgniter\View\View->CodeIgniter\View\{closure}()
 4 SYSTEMPATH/Common.php(1135): CodeIgniter\View\View->render('report_data', [], true)
 5 APPPATH/Controllers/Home.php(29): view('report_data')
 6 SYSTEMPATH/CodeIgniter.php(898): App\Controllers\Home->reportingdata()
 7 SYSTEMPATH/CodeIgniter.php(468): CodeIgniter\CodeIgniter->runController(Object(App\Controllers\Home))
 8 SYSTEMPATH/CodeIgniter.php(351): CodeIgniter\CodeIgniter->handleRequest(null, Object(Config\Cache), false)
 9 FCPATH/index.php(55): CodeIgniter\CodeIgniter->run()
CRITICAL - 2022-07-19 17:07:06 --> Undefined variable $db
in APPPATH/Views/report_data.php on line 21.
 1 APPPATH/Views/report_data.php(21): CodeIgniter\Debug\Exceptions->errorHandler(2, 'Undefined variable $db', 'APPPATH/Views/report_data.php', 21)
 2 SYSTEMPATH/View/View.php(213): include('APPPATH/Views/report_data.php')
 3 SYSTEMPATH/View/View.php(216): CodeIgniter\View\View->CodeIgniter\View\{closure}()
 4 SYSTEMPATH/Common.php(1135): CodeIgniter\View\View->render('report_data', [], true)
 5 APPPATH/Controllers/Home.php(29): view('report_data')
 6 SYSTEMPATH/CodeIgniter.php(898): App\Controllers\Home->reportingdata()
 7 SYSTEMPATH/CodeIgniter.php(468): CodeIgniter\CodeIgniter->runController(Object(App\Controllers\Home))
 8 SYSTEMPATH/CodeIgniter.php(351): CodeIgniter\CodeIgniter->handleRequest(null, Object(Config\Cache), false)
 9 FCPATH/index.php(55): CodeIgniter\CodeIgniter->run()
CRITICAL - 2022-07-19 17:07:07 --> Undefined variable $db
in APPPATH/Views/report_data.php on line 21.
 1 APPPATH/Views/report_data.php(21): CodeIgniter\Debug\Exceptions->errorHandler(2, 'Undefined variable $db', 'APPPATH/Views/report_data.php', 21)
 2 SYSTEMPATH/View/View.php(213): include('APPPATH/Views/report_data.php')
 3 SYSTEMPATH/View/View.php(216): CodeIgniter\View\View->CodeIgniter\View\{closure}()
 4 SYSTEMPATH/Common.php(1135): CodeIgniter\View\View->render('report_data', [], true)
 5 APPPATH/Controllers/Home.php(29): view('report_data')
 6 SYSTEMPATH/CodeIgniter.php(898): App\Controllers\Home->reportingdata()
 7 SYSTEMPATH/CodeIgniter.php(468): CodeIgniter\CodeIgniter->runController(Object(App\Controllers\Home))
 8 SYSTEMPATH/CodeIgniter.php(351): CodeIgniter\CodeIgniter->handleRequest(null, Object(Config\Cache), false)
 9 FCPATH/index.php(55): CodeIgniter\CodeIgniter->run()
CRITICAL - 2022-07-19 17:20:27 --> Undefined variable $db
in APPPATH/Views/report_data.php on line 21.
 1 APPPATH/Views/report_data.php(21): CodeIgniter\Debug\Exceptions->errorHandler(2, 'Undefined variable $db', 'APPPATH/Views/report_data.php', 21)
 2 SYSTEMPATH/View/View.php(213): include('APPPATH/Views/report_data.php')
 3 SYSTEMPATH/View/View.php(216): CodeIgniter\View\View->CodeIgniter\View\{closure}()
 4 SYSTEMPATH/Common.php(1135): CodeIgniter\View\View->render('report_data', [], true)
 5 APPPATH/Controllers/Home.php(29): view('report_data')
 6 SYSTEMPATH/CodeIgniter.php(898): App\Controllers\Home->reportingdata()
 7 SYSTEMPATH/CodeIgniter.php(468): CodeIgniter\CodeIgniter->runController(Object(App\Controllers\Home))
 8 SYSTEMPATH/CodeIgniter.php(351): CodeIgniter\CodeIgniter->handleRequest(null, Object(Config\Cache), false)
 9 FCPATH/index.php(55): CodeIgniter\CodeIgniter->run()
CRITICAL - 2022-07-19 17:20:28 --> Undefined variable $db
in APPPATH/Views/report_data.php on line 21.
 1 APPPATH/Views/report_data.php(21): CodeIgniter\Debug\Exceptions->errorHandler(2, 'Undefined variable $db', 'APPPATH/Views/report_data.php', 21)
 2 SYSTEMPATH/View/View.php(213): include('APPPATH/Views/report_data.php')
 3 SYSTEMPATH/View/View.php(216): CodeIgniter\View\View->CodeIgniter\View\{closure}()
 4 SYSTEMPATH/Common.php(1135): CodeIgniter\View\View->render('report_data', [], true)
 5 APPPATH/Controllers/Home.php(29): view('report_data')
 6 SYSTEMPATH/CodeIgniter.php(898): App\Controllers\Home->reportingdata()
 7 SYSTEMPATH/CodeIgniter.php(468): CodeIgniter\CodeIgniter->runController(Object(App\Controllers\Home))
 8 SYSTEMPATH/CodeIgniter.php(351): CodeIgniter\CodeIgniter->handleRequest(null, Object(Config\Cache), false)
 9 FCPATH/index.php(55): CodeIgniter\CodeIgniter->run()
