CRITICAL - 2022-07-13 10:44:17 --> Cannot redeclare App\Controllers\Home::index()
in APPPATH/Controllers/Home.php on line 12.
 1 [internal function]: CodeIgniter\Debug\Exceptions->shutdownHandler()
CRITICAL - 2022-07-13 10:51:24 --> Invalid file: footer_blk.php
in SYSTEMPATH/Exceptions/FrameworkException.php on line 33.
 1 SYSTEMPATH/View/View.php(201): CodeIgniter\Exceptions\FrameworkException::forInvalidFile('footer_blk.php')
 2 SYSTEMPATH/Common.php(1135): CodeIgniter\View\View->render('footer_blk', [], true)
 3 APPPATH/Controllers/Home.php(16): view('footer_blk')
 4 SYSTEMPATH/CodeIgniter.php(898): App\Controllers\Home->index()
 5 SYSTEMPATH/CodeIgniter.php(468): CodeIgniter\CodeIgniter->runController(Object(App\Controllers\Home))
 6 SYSTEMPATH/CodeIgniter.php(351): CodeIgniter\CodeIgniter->handleRequest(null, Object(Config\Cache), false)
 7 FCPATH/index.php(55): CodeIgniter\CodeIgniter->run()
CRITICAL - 2022-07-13 10:51:25 --> Invalid file: footer_blk.php
in SYSTEMPATH/Exceptions/FrameworkException.php on line 33.
 1 SYSTEMPATH/View/View.php(201): CodeIgniter\Exceptions\FrameworkException::forInvalidFile('footer_blk.php')
 2 SYSTEMPATH/Common.php(1135): CodeIgniter\View\View->render('footer_blk', [], true)
 3 APPPATH/Controllers/Home.php(16): view('footer_blk')
 4 SYSTEMPATH/CodeIgniter.php(898): App\Controllers\Home->index()
 5 SYSTEMPATH/CodeIgniter.php(468): CodeIgniter\CodeIgniter->runController(Object(App\Controllers\Home))
 6 SYSTEMPATH/CodeIgniter.php(351): CodeIgniter\CodeIgniter->handleRequest(null, Object(Config\Cache), false)
 7 FCPATH/index.php(55): CodeIgniter\CodeIgniter->run()
CRITICAL - 2022-07-13 10:52:06 --> Invalid file: footer_blk.php
in SYSTEMPATH/Exceptions/FrameworkException.php on line 33.
 1 SYSTEMPATH/View/View.php(201): CodeIgniter\Exceptions\FrameworkException::forInvalidFile('footer_blk.php')
 2 SYSTEMPATH/Common.php(1135): CodeIgniter\View\View->render('footer_blk', [], true)
 3 APPPATH/Controllers/Home.php(16): view('footer_blk')
 4 SYSTEMPATH/CodeIgniter.php(898): App\Controllers\Home->index()
 5 SYSTEMPATH/CodeIgniter.php(468): CodeIgniter\CodeIgniter->runController(Object(App\Controllers\Home))
 6 SYSTEMPATH/CodeIgniter.php(351): CodeIgniter\CodeIgniter->handleRequest(null, Object(Config\Cache), false)
 7 FCPATH/index.php(55): CodeIgniter\CodeIgniter->run()
CRITICAL - 2022-07-13 10:52:06 --> Invalid file: footer_blk.php
in SYSTEMPATH/Exceptions/FrameworkException.php on line 33.
 1 SYSTEMPATH/View/View.php(201): CodeIgniter\Exceptions\FrameworkException::forInvalidFile('footer_blk.php')
 2 SYSTEMPATH/Common.php(1135): CodeIgniter\View\View->render('footer_blk', [], true)
 3 APPPATH/Controllers/Home.php(16): view('footer_blk')
 4 SYSTEMPATH/CodeIgniter.php(898): App\Controllers\Home->index()
 5 SYSTEMPATH/CodeIgniter.php(468): CodeIgniter\CodeIgniter->runController(Object(App\Controllers\Home))
 6 SYSTEMPATH/CodeIgniter.php(351): CodeIgniter\CodeIgniter->handleRequest(null, Object(Config\Cache), false)
 7 FCPATH/index.php(55): CodeIgniter\CodeIgniter->run()
CRITICAL - 2022-07-13 10:52:52 --> Invalid file: footer_blk.php
in SYSTEMPATH/Exceptions/FrameworkException.php on line 33.
 1 SYSTEMPATH/View/View.php(201): CodeIgniter\Exceptions\FrameworkException::forInvalidFile('footer_blk.php')
 2 SYSTEMPATH/Common.php(1135): CodeIgniter\View\View->render('footer_blk', [], true)
 3 APPPATH/Controllers/Home.php(16): view('footer_blk')
 4 SYSTEMPATH/CodeIgniter.php(898): App\Controllers\Home->index()
 5 SYSTEMPATH/CodeIgniter.php(468): CodeIgniter\CodeIgniter->runController(Object(App\Controllers\Home))
 6 SYSTEMPATH/CodeIgniter.php(351): CodeIgniter\CodeIgniter->handleRequest(null, Object(Config\Cache), false)
 7 FCPATH/index.php(55): CodeIgniter\CodeIgniter->run()
CRITICAL - 2022-07-13 10:52:53 --> Invalid file: footer_blk.php
in SYSTEMPATH/Exceptions/FrameworkException.php on line 33.
 1 SYSTEMPATH/View/View.php(201): CodeIgniter\Exceptions\FrameworkException::forInvalidFile('footer_blk.php')
 2 SYSTEMPATH/Common.php(1135): CodeIgniter\View\View->render('footer_blk', [], true)
 3 APPPATH/Controllers/Home.php(16): view('footer_blk')
 4 SYSTEMPATH/CodeIgniter.php(898): App\Controllers\Home->index()
 5 SYSTEMPATH/CodeIgniter.php(468): CodeIgniter\CodeIgniter->runController(Object(App\Controllers\Home))
 6 SYSTEMPATH/CodeIgniter.php(351): CodeIgniter\CodeIgniter->handleRequest(null, Object(Config\Cache), false)
 7 FCPATH/index.php(55): CodeIgniter\CodeIgniter->run()
CRITICAL - 2022-07-13 10:53:34 --> Invalid file: footer_blk.php
in SYSTEMPATH/Exceptions/FrameworkException.php on line 33.
 1 SYSTEMPATH/View/View.php(201): CodeIgniter\Exceptions\FrameworkException::forInvalidFile('footer_blk.php')
 2 SYSTEMPATH/Common.php(1135): CodeIgniter\View\View->render('footer_blk', [], true)
 3 APPPATH/Controllers/Home.php(16): view('footer_blk')
 4 SYSTEMPATH/CodeIgniter.php(898): App\Controllers\Home->index()
 5 SYSTEMPATH/CodeIgniter.php(468): CodeIgniter\CodeIgniter->runController(Object(App\Controllers\Home))
 6 SYSTEMPATH/CodeIgniter.php(351): CodeIgniter\CodeIgniter->handleRequest(null, Object(Config\Cache), false)
 7 FCPATH/index.php(55): CodeIgniter\CodeIgniter->run()
CRITICAL - 2022-07-13 10:53:35 --> Invalid file: footer_blk.php
in SYSTEMPATH/Exceptions/FrameworkException.php on line 33.
 1 SYSTEMPATH/View/View.php(201): CodeIgniter\Exceptions\FrameworkException::forInvalidFile('footer_blk.php')
 2 SYSTEMPATH/Common.php(1135): CodeIgniter\View\View->render('footer_blk', [], true)
 3 APPPATH/Controllers/Home.php(16): view('footer_blk')
 4 SYSTEMPATH/CodeIgniter.php(898): App\Controllers\Home->index()
 5 SYSTEMPATH/CodeIgniter.php(468): CodeIgniter\CodeIgniter->runController(Object(App\Controllers\Home))
 6 SYSTEMPATH/CodeIgniter.php(351): CodeIgniter\CodeIgniter->handleRequest(null, Object(Config\Cache), false)
 7 FCPATH/index.php(55): CodeIgniter\CodeIgniter->run()
CRITICAL - 2022-07-13 10:53:35 --> Invalid file: footer_blk.php
in SYSTEMPATH/Exceptions/FrameworkException.php on line 33.
 1 SYSTEMPATH/View/View.php(201): CodeIgniter\Exceptions\FrameworkException::forInvalidFile('footer_blk.php')
 2 SYSTEMPATH/Common.php(1135): CodeIgniter\View\View->render('footer_blk', [], true)
 3 APPPATH/Controllers/Home.php(16): view('footer_blk')
 4 SYSTEMPATH/CodeIgniter.php(898): App\Controllers\Home->index()
 5 SYSTEMPATH/CodeIgniter.php(468): CodeIgniter\CodeIgniter->runController(Object(App\Controllers\Home))
 6 SYSTEMPATH/CodeIgniter.php(351): CodeIgniter\CodeIgniter->handleRequest(null, Object(Config\Cache), false)
 7 FCPATH/index.php(55): CodeIgniter\CodeIgniter->run()
CRITICAL - 2022-07-13 10:53:35 --> Invalid file: footer_blk.php
in SYSTEMPATH/Exceptions/FrameworkException.php on line 33.
 1 SYSTEMPATH/View/View.php(201): CodeIgniter\Exceptions\FrameworkException::forInvalidFile('footer_blk.php')
 2 SYSTEMPATH/Common.php(1135): CodeIgniter\View\View->render('footer_blk', [], true)
 3 APPPATH/Controllers/Home.php(16): view('footer_blk')
 4 SYSTEMPATH/CodeIgniter.php(898): App\Controllers\Home->index()
 5 SYSTEMPATH/CodeIgniter.php(468): CodeIgniter\CodeIgniter->runController(Object(App\Controllers\Home))
 6 SYSTEMPATH/CodeIgniter.php(351): CodeIgniter\CodeIgniter->handleRequest(null, Object(Config\Cache), false)
 7 FCPATH/index.php(55): CodeIgniter\CodeIgniter->run()
CRITICAL - 2022-07-13 10:56:58 --> Invalid file: footer_blk.php
in SYSTEMPATH/Exceptions/FrameworkException.php on line 33.
 1 SYSTEMPATH/View/View.php(201): CodeIgniter\Exceptions\FrameworkException::forInvalidFile('footer_blk.php')
 2 SYSTEMPATH/Common.php(1135): CodeIgniter\View\View->render('footer_blk', [], true)
 3 APPPATH/Controllers/Home.php(16): view('footer_blk')
 4 SYSTEMPATH/CodeIgniter.php(898): App\Controllers\Home->index()
 5 SYSTEMPATH/CodeIgniter.php(468): CodeIgniter\CodeIgniter->runController(Object(App\Controllers\Home))
 6 SYSTEMPATH/CodeIgniter.php(351): CodeIgniter\CodeIgniter->handleRequest(null, Object(Config\Cache), false)
 7 FCPATH/index.php(55): CodeIgniter\CodeIgniter->run()
